<?xml version="1.0" encoding="UTF-8"?>
<!-- Generated by org.testng.reporters.JUnitReportReporter -->
<testsuite hostname="TYC1221031" failures="0" tests="1" name="DriverMethods.ExtraMethods" time="11.370" errors="0" timestamp="2023-10-06T17:22:35 IST" skipped="0">
  <testcase classname="DriverMethods.ExtraMethods" name="extraMethods" time="11.370"/>
</testsuite> <!-- DriverMethods.ExtraMethods -->
