<?xml version="1.0" encoding="UTF-8"?>
<!-- Generated by org.testng.reporters.JUnitReportReporter -->
<testsuite hostname="TYC1221031" failures="0" tests="1" name="BrowserTests.Wikipedia" time="11.157" errors="0" timestamp="2023-10-19T12:54:15 IST" skipped="0">
  <testcase classname="BrowserTests.Wikipedia" name="wikipedia" time="11.157"/>
</testsuite> <!-- BrowserTests.Wikipedia -->
