<?xml version="1.0" encoding="UTF-8"?>
<!-- Generated by org.testng.reporters.JUnitReportReporter -->
<testsuite hostname="TYC1221031" failures="0" tests="1" name="generalStore.Add2ProductAndVerifyTheTotalRate" time="38.111" errors="0" timestamp="2023-10-19T16:33:27 IST" skipped="0">
  <testcase classname="generalStore.Add2ProductAndVerifyTheTotalRate" name="add2ProductAndVerifyTheTotalRate" time="38.111"/>
</testsuite> <!-- generalStore.Add2ProductAndVerifyTheTotalRate -->
